('a1:', [3, 6, 9, 12, 15, 18, 21, 24, 27, 30, 33, 36, 39])
('a2:', [7, 11, 15, 19, 23, 27, 31, 35, 39, 10, 14, 18, 22, 26, 30, 34, 38, 13, 17, 21, 25, 29, 33, 37, 16, 20, 24, 28, 32, 36, 40, 19, 23, 27, 31, 35, 39, 22, 26, 30, 34, 38, 25, 29, 33, 37, 28, 32, 36, 40, 31, 35, 39, 34, 38, 37, 40])
[7, 11, 15, 19, 23, 27, 31, 35, 39, 10, 14, 18, 22, 26, 30, 34, 38, 13, 17, 21, 25, 29, 33, 37, 16, 20, 24, 28, 32, 36, 19, 23, 27, 31, 35, 39, 22, 26, 30, 34, 38, 25, 29, 33, 37, 28, 32, 36, 31, 35, 39, 34, 38, 37]
('a1:', [7, 11, 15, 19, 23, 27, 31, 35, 39, 10, 14, 18, 22, 26, 30, 34, 38, 13, 17, 21, 25, 29, 33, 37, 16, 20, 24, 28, 32, 36, 19, 23, 27, 31, 35, 39, 22, 26, 30, 34, 38, 25, 29, 33, 37, 28, 32, 36, 31, 35, 39, 34, 38, 37])
('a2:', [12, 17, 22, 27, 32, 37, 16, 21, 26, 31, 36, 20, 25, 30, 35, 40, 24, 29, 34, 39, 28, 33, 38, 32, 37, 36, 40, 15, 20, 25, 30, 35, 40, 19, 24, 29, 34, 39, 23, 28, 33, 38, 27, 32, 37, 31, 36, 35, 40, 39, 18, 23, 28, 33, 38, 22, 27, 32, 37, 26, 31, 36, 30, 35, 40, 34, 39, 38, 21, 26, 31, 36, 25, 30, 35, 40, 29, 34, 39, 33, 38, 37, 24, 29, 34, 39, 28, 33, 38, 32, 37, 36, 40, 27, 32, 37, 31, 36, 35, 40, 39, 30, 35, 40, 34, 39, 38, 33, 38, 37, 36, 40, 39])
[12, 17, 22, 27, 32, 37, 16, 21, 26, 31, 36, 20, 25, 30, 35, 24, 29, 34, 39, 28, 33, 38, 32, 37, 36, 15, 20, 25, 30, 35, 19, 24, 29, 34, 39, 23, 28, 33, 38, 27, 32, 37, 31, 36, 35, 39, 18, 23, 28, 33, 38, 22, 27, 32, 37, 26, 31, 36, 30, 35, 34, 39, 38, 21, 26, 31, 36, 25, 30, 35, 29, 34, 39, 33, 38, 37, 24, 29, 34, 39, 28, 33, 38, 32, 37, 36, 27, 32, 37, 31, 36, 35, 39, 30, 35, 34, 39, 38, 33, 38, 37, 36, 39]
('a1:', [12, 17, 22, 27, 32, 37, 16, 21, 26, 31, 36, 20, 25, 30, 35, 24, 29, 34, 39, 28, 33, 38, 32, 37, 36, 15, 20, 25, 30, 35, 19, 24, 29, 34, 39, 23, 28, 33, 38, 27, 32, 37, 31, 36, 35, 39, 18, 23, 28, 33, 38, 22, 27, 32, 37, 26, 31, 36, 30, 35, 34, 39, 38, 21, 26, 31, 36, 25, 30, 35, 29, 34, 39, 33, 38, 37, 24, 29, 34, 39, 28, 33, 38, 32, 37, 36, 27, 32, 37, 31, 36, 35, 39, 30, 35, 34, 39, 38, 33, 38, 37, 36, 39])
('a2:', [18, 24, 30, 36, 23, 29, 35, 28, 34, 40, 33, 39, 38, 22, 28, 34, 40, 27, 33, 39, 32, 38, 37, 26, 32, 38, 31, 37, 36, 30, 36, 35, 40, 34, 40, 39, 38, 21, 27, 33, 39, 26, 32, 38, 31, 37, 36, 25, 31, 37, 30, 36, 35, 40, 29, 35, 34, 40, 39, 33, 39, 38, 37, 24, 30, 36, 29, 35, 34, 40, 39, 28, 34, 40, 33, 39, 38, 32, 38, 37, 36, 40, 27, 33, 39, 32, 38, 37, 31, 37, 36, 35, 40, 39, 30, 36, 35, 40, 34, 40, 39, 38, 33, 39, 38, 37, 36, 40, 39])
[18, 24, 30, 36, 23, 29, 35, 28, 34, 33, 39, 38, 22, 28, 34, 27, 33, 39, 32, 38, 37, 26, 32, 38, 31, 37, 36, 30, 36, 35, 34, 39, 38, 21, 27, 33, 39, 26, 32, 38, 31, 37, 36, 25, 31, 37, 30, 36, 35, 29, 35, 34, 39, 33, 39, 38, 37, 24, 30, 36, 29, 35, 34, 39, 28, 34, 33, 39, 38, 32, 38, 37, 36, 27, 33, 39, 32, 38, 37, 31, 37, 36, 35, 39, 30, 36, 35, 34, 39, 38, 33, 39, 38, 37, 36, 39]
('a1:', [18, 24, 30, 36, 23, 29, 35, 28, 34, 33, 39, 38, 22, 28, 34, 27, 33, 39, 32, 38, 37, 26, 32, 38, 31, 37, 36, 30, 36, 35, 34, 39, 38, 21, 27, 33, 39, 26, 32, 38, 31, 37, 36, 25, 31, 37, 30, 36, 35, 29, 35, 34, 39, 33, 39, 38, 37, 24, 30, 36, 29, 35, 34, 39, 28, 34, 33, 39, 38, 32, 38, 37, 36, 27, 33, 39, 32, 38, 37, 31, 37, 36, 35, 39, 30, 36, 35, 34, 39, 38, 33, 39, 38, 37, 36, 39])
('a2:', [25, 32, 39, 31, 38, 37, 30, 37, 36, 35, 40, 29, 36, 35, 34, 40, 39, 33, 40, 39, 38, 37, 28, 35, 34, 40, 33, 40, 39, 38, 32, 39, 38, 37, 36, 40, 31, 38, 37, 36, 35, 40, 39, 34, 40, 39, 38, 37, 40])
[25, 32, 39, 31, 38, 37, 30, 37, 36, 35, 29, 36, 35, 34, 39, 33, 39, 38, 37, 28, 35, 34, 33, 39, 38, 32, 39, 38, 37, 36, 31, 38, 37, 36, 35, 39, 34, 39, 38, 37]
('a1:', [25, 32, 39, 31, 38, 37, 30, 37, 36, 35, 29, 36, 35, 34, 39, 33, 39, 38, 37, 28, 35, 34, 33, 39, 38, 32, 39, 38, 37, 36, 31, 38, 37, 36, 35, 39, 34, 39, 38, 37])
('a2:', [33, 40, 39, 38, 37, 36, 40, 39])
[33, 39, 38, 37, 36, 39]
('a1:', [33, 39, 38, 37, 36, 39])
('a2:', [])
[]
('a1:', [])
('a2:', [])
[]
('a1:', [])
('a2:', [])
[]
('a1:', [])
('a2:', [])
[]
('a1:', [])
('a2:', [])
[]
('a1:', [])
('a2:', [])
[]
('a1:', [])
('a2:', [])
[]
('a1:', [])
('a2:', [])
[]
('a1:', [])
('a2:', [])
[]
('a1:', [])
('a2:', [])
[]
('a1:', [])
('a2:', [])
[]
('a1:', [])
('a2:', [])
[]
('a1:', [])
('a2:', [])
[]
('a1:', [])
('a2:', [])
[]
('a1:', [])
('a2:', [])
[]
('a1:', [])
('a2:', [])
[]
('a1:', [])
('a2:', [])
[]
('a1:', [])
('a2:', [])
[]
('a1:', [])
('a2:', [])
[]
('a1:', [])
('a2:', [])
[]
('a1:', [])
('a2:', [])
[]
('a1:', [])
('a2:', [])
[]
('a1:', [])
('a2:', [])
[]
('a1:', [])
('a2:', [])
[]
('a1:', [])
('a2:', [])
[]
('a1:', [])
('a2:', [])
[]
('a1:', [])
('a2:', [])
[]
('a1:', [])
('a2:', [])
[]
('a1:', [])
('a2:', [])
[]
('a1:', [])
('a2:', [])
[]
('a1:', [])
('a2:', [])
[]
('a1:', [])
('a2:', [])
[]
('a1:', [])
('a2:', [])
[]
('a1:', [])
('a2:', [])
[]
('a1:', [])
('a2:', [])
[]
37
